SF:C:\projetos\Amg-ingresso-aqui-cadastro-api\Amg-ingressos-aqui-cadastro-api\Program.cs
FN:7,System.Void Program::<Main>$(System.String[])
FNDA:0,System.Void Program::<Main>$(System.String[])
DA:8,0
DA:12,0
DA:14,0
DA:15,0
DA:16,0
DA:18,0
DA:19,0
DA:21,0
DA:25,0
DA:26,0
DA:27,0
DA:29,0
DA:30,0
DA:32,0
DA:33,0
DA:34,0
DA:36,0
DA:37,0
DA:38,0
DA:41,0
DA:42,0
DA:45,0
DA:47,0
DA:49,0
DA:51,0
DA:53,0
BRDA:41,238,0,0
BRDA:41,238,1,0
LF:26
LH:0
BRF:2
BRH:0
FNF:1
FNH:0
end_of_record
SF:C:\projetos\Amg-ingresso-aqui-cadastro-api\Amg-ingressos-aqui-cadastro-api\WeatherForecast.cs
FN:4,System.DateOnly Amg_ingressos_aqui_cadastro_api.WeatherForecast::get_Date()
FNDA:0,System.DateOnly Amg_ingressos_aqui_cadastro_api.WeatherForecast::get_Date()
DA:5,0
FN:6,System.Int32 Amg_ingressos_aqui_cadastro_api.WeatherForecast::get_TemperatureC()
FNDA:0,System.Int32 Amg_ingressos_aqui_cadastro_api.WeatherForecast::get_TemperatureC()
DA:7,0
FN:8,System.Int32 Amg_ingressos_aqui_cadastro_api.WeatherForecast::get_TemperatureF()
FNDA:0,System.Int32 Amg_ingressos_aqui_cadastro_api.WeatherForecast::get_TemperatureF()
DA:9,0
FN:10,System.String Amg_ingressos_aqui_cadastro_api.WeatherForecast::get_Summary()
FNDA:0,System.String Amg_ingressos_aqui_cadastro_api.WeatherForecast::get_Summary()
DA:11,0
LF:4
LH:0
BRF:0
BRH:0
FNF:4
FNH:0
end_of_record
SF:C:\projetos\Amg-ingresso-aqui-cadastro-api\Amg-ingressos-aqui-cadastro-api\Utils\ExtensionMethods.cs
FN:11,System.Void Amg_ingressos_aqui_cadastro_api.Utils.ExtensionMethods::ValidateIdMongo(System.String,System.String)
FNDA:56,System.Void Amg_ingressos_aqui_cadastro_api.Utils.ExtensionMethods::ValidateIdMongo(System.String,System.String)
DA:12,56
DA:13,56
DA:14,11
DA:15,45
DA:16,1
DA:17,44
BRDA:13,9,0,11
BRDA:13,9,1,45
BRDA:15,40,0,1
BRDA:15,40,1,44
LF:6
LH:6
BRF:4
BRH:4
FNF:1
FNH:1
end_of_record
SF:C:\projetos\Amg-ingresso-aqui-cadastro-api\Amg-ingressos-aqui-cadastro-api\Services\PaymentService.cs
FN:17,System.Void Amg_ingressos_aqui_cadastro_api.Services.PaymentService::.ctor(Amg_ingressos_aqui_cadastro_api.Infra.ICieloClient)
FNDA:0,System.Void Amg_ingressos_aqui_cadastro_api.Services.PaymentService::.ctor(Amg_ingressos_aqui_cadastro_api.Infra.ICieloClient)
DA:18,0
DA:19,0
DA:20,0
DA:21,0
FN:22,System.Void Amg_ingressos_aqui_cadastro_api.Services.PaymentService/<Payment>d__3::MoveNext()
FNDA:0,System.Void Amg_ingressos_aqui_cadastro_api.Services.PaymentService/<Payment>d__3::MoveNext()
DA:23,0
DA:25,0
DA:26,0
DA:28,0
DA:29,0
DA:30,0
DA:32,0
DA:33,0
DA:35,0
DA:36,0
LF:14
LH:0
BRF:0
BRH:0
FNF:2
FNH:0
end_of_record
SF:C:\projetos\Amg-ingresso-aqui-cadastro-api\Amg-ingressos-aqui-cadastro-api\Services\TicketService.cs
FN:15,System.Void Amg_ingressos_aqui_cadastro_api.Services.TicketService::.ctor(Amg_ingressos_aqui_cadastro_api.Infra.ICieloClient)
FNDA:0,System.Void Amg_ingressos_aqui_cadastro_api.Services.TicketService::.ctor(Amg_ingressos_aqui_cadastro_api.Infra.ICieloClient)
DA:16,0
DA:17,0
DA:18,0
DA:19,0
FN:21,System.Void Amg_ingressos_aqui_cadastro_api.Services.TicketService/<GetTicketsAsync>d__3::MoveNext()
FNDA:0,System.Void Amg_ingressos_aqui_cadastro_api.Services.TicketService/<GetTicketsAsync>d__3::MoveNext()
DA:22,0
DA:23,0
DA:24,0
DA:26,0
DA:28,0
DA:29,0
DA:30,0
FN:31,System.Void Amg_ingressos_aqui_cadastro_api.Services.TicketService/<UpdateTicketsAsync>d__4::MoveNext()
FNDA:0,System.Void Amg_ingressos_aqui_cadastro_api.Services.TicketService/<UpdateTicketsAsync>d__4::MoveNext()
DA:32,0
DA:33,0
DA:34,0
DA:36,0
DA:37,0
DA:38,0
DA:40,0
DA:42,0
DA:43,0
DA:44,0
LF:21
LH:0
BRF:0
BRH:0
FNF:3
FNH:0
end_of_record
SF:C:\projetos\Amg-ingresso-aqui-cadastro-api\Amg-ingressos-aqui-cadastro-api\Services\TransactionService.cs
FN:249,System.Void Amg_ingressos_aqui_cadastro_api.Services.TransactionService::ValidateTransactionIten(Amg_ingressos_aqui_cadastro_api.Model.TransactionIten)
FNDA:4,System.Void Amg_ingressos_aqui_cadastro_api.Services.TransactionService::ValidateTransactionIten(Amg_ingressos_aqui_cadastro_api.Model.TransactionIten)
DA:250,4
DA:251,4
DA:252,4
DA:254,4
DA:255,0
DA:256,4
BRDA:254,54,0,0
BRDA:254,54,1,4
FN:17,System.Void Amg_ingressos_aqui_cadastro_api.Services.TransactionService::.ctor(Amg_ingressos_aqui_cadastro_api.Repository.Interfaces.ITransactionRepository,Amg_ingressos_aqui_cadastro_api.Repository.Interfaces.ITransactionItenRepository,Amg_ingressos_aqui_cadastro_api.Services.Interfaces.ITicketService,Amg_ingressos_aqui_cadastro_api.Services.Interfaces.IPaymentService)
FNDA:38,System.Void Amg_ingressos_aqui_cadastro_api.Services.TransactionService::.ctor(Amg_ingressos_aqui_cadastro_api.Repository.Interfaces.ITransactionRepository,Amg_ingressos_aqui_cadastro_api.Repository.Interfaces.ITransactionItenRepository,Amg_ingressos_aqui_cadastro_api.Services.Interfaces.ITicketService,Amg_ingressos_aqui_cadastro_api.Services.Interfaces.IPaymentService)
DA:18,38
DA:19,38
DA:20,38
DA:21,38
DA:22,38
DA:23,38
DA:24,38
DA:25,38
DA:26,38
DA:27,38
DA:28,38
DA:29,38
FN:36,Amg_ingressos_aqui_cadastro_api.Model.Ticket Amg_ingressos_aqui_cadastro_api.Services.TransactionService/<>c::<FinishedTransactionAsync>b__6_0(Amg_ingressos_aqui_cadastro_api.Model.TransactionIten)
FNDA:0,Amg_ingressos_aqui_cadastro_api.Model.Ticket Amg_ingressos_aqui_cadastro_api.Services.TransactionService/<>c::<FinishedTransactionAsync>b__6_0(Amg_ingressos_aqui_cadastro_api.Model.TransactionIten)
DA:37,0
FN:169,System.Boolean Amg_ingressos_aqui_cadastro_api.Services.TransactionService/<>c::<SaveTransactionItenAsync>b__10_1(Amg_ingressos_aqui_cadastro_api.Model.Ticket)
FNDA:15,System.Boolean Amg_ingressos_aqui_cadastro_api.Services.TransactionService/<>c::<SaveTransactionItenAsync>b__10_1(Amg_ingressos_aqui_cadastro_api.Model.Ticket)
DA:170,15
BRDA:170,173,0,0
BRDA:170,173,1,6
FN:31,System.Void Amg_ingressos_aqui_cadastro_api.Services.TransactionService/<FinishedTransactionAsync>d__6::MoveNext()
FNDA:0,System.Void Amg_ingressos_aqui_cadastro_api.Services.TransactionService/<FinishedTransactionAsync>d__6::MoveNext()
DA:32,0
DA:34,0
DA:35,0
DA:36,0
DA:39,0
DA:40,0
DA:41,0
DA:42,0
DA:43,0
DA:44,0
DA:45,0
DA:46,0
DA:47,0
DA:48,0
DA:49,0
DA:50,0
DA:51,0
DA:52,0
DA:55,0
DA:56,0
FN:58,System.Void Amg_ingressos_aqui_cadastro_api.Services.TransactionService/<GetByIdAsync>d__7::MoveNext()
FNDA:11,System.Void Amg_ingressos_aqui_cadastro_api.Services.TransactionService/<GetByIdAsync>d__7::MoveNext()
DA:59,11
DA:61,11
DA:62,11
DA:64,8
DA:66,4
DA:67,3
DA:68,3
DA:69,3
DA:70,3
DA:71,3
DA:72,1
DA:73,1
DA:74,1
DA:75,1
DA:76,1
DA:77,3
DA:78,3
DA:79,3
DA:82,8
DA:83,8
FN:85,System.Void Amg_ingressos_aqui_cadastro_api.Services.TransactionService/<Payment>d__8::MoveNext()
FNDA:6,System.Void Amg_ingressos_aqui_cadastro_api.Services.TransactionService/<Payment>d__8::MoveNext()
DA:86,6
DA:88,6
DA:89,6
DA:90,5
DA:91,4
DA:92,2
DA:94,2
DA:95,2
DA:96,2
DA:97,2
DA:99,2
DA:100,1
DA:101,1
DA:102,1
DA:103,1
DA:104,1
DA:105,2
DA:106,2
DA:107,2
DA:108,2
DA:109,2
DA:110,1
DA:111,1
DA:112,1
DA:115,5
DA:116,5
BRDA:91,193,0,2
BRDA:91,193,1,2
BRDA:91,218,0,2
BRDA:91,218,1,2
FN:118,System.Void Amg_ingressos_aqui_cadastro_api.Services.TransactionService/<SaveAsync>d__9::MoveNext()
FNDA:10,System.Void Amg_ingressos_aqui_cadastro_api.Services.TransactionService/<SaveAsync>d__9::MoveNext()
DA:119,10
DA:121,10
DA:122,10
DA:123,7
DA:124,7
DA:125,7
DA:126,7
DA:127,7
DA:129,7
DA:131,6
DA:132,6
DA:133,6
DA:134,5
DA:135,3
DA:136,3
DA:137,3
DA:138,3
DA:139,3
DA:140,2
DA:141,2
DA:142,2
DA:145,8
DA:146,8
FN:148,System.Void Amg_ingressos_aqui_cadastro_api.Services.TransactionService/<SaveTransactionItenAsync>d__10::MoveNext()
FNDA:6,System.Void Amg_ingressos_aqui_cadastro_api.Services.TransactionService/<SaveTransactionItenAsync>d__10::MoveNext()
DA:149,6
DA:151,6
DA:152,6
DA:153,5
DA:155,5
DA:157,5
DA:161,5
DA:165,5
DA:166,5
DA:167,5
DA:173,5
DA:182,5
DA:185,5
DA:186,5
DA:197,5
DA:202,5
DA:203,5
DA:205,2
DA:206,1
DA:207,1
DA:208,1
DA:209,1
DA:210,2
DA:211,2
DA:212,2
DA:213,2
DA:214,1
DA:215,1
DA:216,1
DA:219,5
DA:220,5
FN:222,System.Void Amg_ingressos_aqui_cadastro_api.Services.TransactionService/<UpdateAsync>d__11::MoveNext()
FNDA:15,System.Void Amg_ingressos_aqui_cadastro_api.Services.TransactionService/<UpdateAsync>d__11::MoveNext()
DA:223,15
DA:225,15
DA:226,15
DA:228,11
DA:230,6
DA:231,4
DA:232,4
DA:233,4
DA:234,4
DA:235,4
DA:236,1
DA:237,1
DA:238,1
DA:239,1
DA:240,1
DA:241,4
DA:242,4
DA:243,4
DA:246,11
DA:247,11
LF:160
LH:138
BRF:8
BRH:6
FNF:10
FNH:8
end_of_record
SF:C:\projetos\Amg-ingresso-aqui-cadastro-api\Amg-ingressos-aqui-cadastro-api\Model\Ticket.cs
FN:18,System.String Amg_ingressos_aqui_cadastro_api.Model.Ticket::get_Id()
FNDA:10,System.String Amg_ingressos_aqui_cadastro_api.Model.Ticket::get_Id()
DA:19,10
FN:24,System.String Amg_ingressos_aqui_cadastro_api.Model.Ticket::get_IdLot()
FNDA:6,System.String Amg_ingressos_aqui_cadastro_api.Model.Ticket::get_IdLot()
DA:25,6
FN:30,System.String Amg_ingressos_aqui_cadastro_api.Model.Ticket::get_IdUser()
FNDA:10,System.String Amg_ingressos_aqui_cadastro_api.Model.Ticket::get_IdUser()
DA:31,10
FN:36,System.String Amg_ingressos_aqui_cadastro_api.Model.Ticket::get_Position()
FNDA:6,System.String Amg_ingressos_aqui_cadastro_api.Model.Ticket::get_Position()
DA:37,6
FN:42,System.Decimal Amg_ingressos_aqui_cadastro_api.Model.Ticket::get_Value()
FNDA:19,System.Decimal Amg_ingressos_aqui_cadastro_api.Model.Ticket::get_Value()
DA:43,19
FN:49,System.Boolean Amg_ingressos_aqui_cadastro_api.Model.Ticket::get_isSold()
FNDA:19,System.Boolean Amg_ingressos_aqui_cadastro_api.Model.Ticket::get_isSold()
DA:50,19
LF:6
LH:6
BRF:0
BRH:0
FNF:6
FNH:6
end_of_record
SF:C:\projetos\Amg-ingresso-aqui-cadastro-api\Amg-ingressos-aqui-cadastro-api\Model\Transaction.cs
FN:14,System.String Amg_ingressos_aqui_cadastro_api.Model.Transaction::get_Id()
FNDA:45,System.String Amg_ingressos_aqui_cadastro_api.Model.Transaction::get_Id()
DA:15,45
FN:20,System.String Amg_ingressos_aqui_cadastro_api.Model.Transaction::get_IdPerson()
FNDA:16,System.String Amg_ingressos_aqui_cadastro_api.Model.Transaction::get_IdPerson()
DA:21,16
FN:26,System.String Amg_ingressos_aqui_cadastro_api.Model.Transaction::get_IdPaymentMethod()
FNDA:12,System.String Amg_ingressos_aqui_cadastro_api.Model.Transaction::get_IdPaymentMethod()
DA:27,12
FN:31,System.Decimal Amg_ingressos_aqui_cadastro_api.Model.Transaction::get_Tax()
FNDA:12,System.Decimal Amg_ingressos_aqui_cadastro_api.Model.Transaction::get_Tax()
DA:32,12
FN:36,System.Decimal Amg_ingressos_aqui_cadastro_api.Model.Transaction::get_Discount()
FNDA:3,System.Decimal Amg_ingressos_aqui_cadastro_api.Model.Transaction::get_Discount()
DA:37,3
FN:42,System.Collections.Generic.List`1<Amg_ingressos_aqui_cadastro_api.Model.TransactionIten> Amg_ingressos_aqui_cadastro_api.Model.Transaction::get_TransactionItens()
FNDA:9,System.Collections.Generic.List`1<Amg_ingressos_aqui_cadastro_api.Model.TransactionIten> Amg_ingressos_aqui_cadastro_api.Model.Transaction::get_TransactionItens()
DA:43,9
FN:47,Amg_ingressos_aqui_cadastro_api.Enum.StatusPaymentEnum Amg_ingressos_aqui_cadastro_api.Model.Transaction::get_Status()
FNDA:18,Amg_ingressos_aqui_cadastro_api.Enum.StatusPaymentEnum Amg_ingressos_aqui_cadastro_api.Model.Transaction::get_Status()
DA:48,18
FN:51,Amg_ingressos_aqui_cadastro_api.Enum.StageTransactionEnum Amg_ingressos_aqui_cadastro_api.Model.Transaction::get_Stage()
FNDA:15,Amg_ingressos_aqui_cadastro_api.Enum.StageTransactionEnum Amg_ingressos_aqui_cadastro_api.Model.Transaction::get_Stage()
DA:52,15
LF:8
LH:8
BRF:0
BRH:0
FNF:8
FNH:8
end_of_record
SF:C:\projetos\Amg-ingresso-aqui-cadastro-api\Amg-ingressos-aqui-cadastro-api\Model\TransactionIten.cs
FN:16,System.String Amg_ingressos_aqui_cadastro_api.Model.TransactionIten::get_Id()
FNDA:18,System.String Amg_ingressos_aqui_cadastro_api.Model.TransactionIten::get_Id()
DA:17,18
FN:23,System.String Amg_ingressos_aqui_cadastro_api.Model.TransactionIten::get_IdTransaction()
FNDA:26,System.String Amg_ingressos_aqui_cadastro_api.Model.TransactionIten::get_IdTransaction()
DA:24,26
FN:29,System.String Amg_ingressos_aqui_cadastro_api.Model.TransactionIten::get_IdTicket()
FNDA:26,System.String Amg_ingressos_aqui_cadastro_api.Model.TransactionIten::get_IdTicket()
DA:30,26
FN:34,System.Boolean Amg_ingressos_aqui_cadastro_api.Model.TransactionIten::get_HalfPrice()
FNDA:22,System.Boolean Amg_ingressos_aqui_cadastro_api.Model.TransactionIten::get_HalfPrice()
DA:35,22
FN:39,System.Decimal Amg_ingressos_aqui_cadastro_api.Model.TransactionIten::get_TicketPrice()
FNDA:26,System.Decimal Amg_ingressos_aqui_cadastro_api.Model.TransactionIten::get_TicketPrice()
DA:40,26
LF:5
LH:5
BRF:0
BRH:0
FNF:5
FNH:5
end_of_record
SF:C:\projetos\Amg-ingresso-aqui-cadastro-api\Amg-ingressos-aqui-cadastro-api\Model\TransactionPayment.cs
FN:17,System.String Amg_ingressos_aqui_cadastro_api.Model.TransactionPayment::get_Id()
FNDA:0,System.String Amg_ingressos_aqui_cadastro_api.Model.TransactionPayment::get_Id()
DA:18,0
FN:22,System.String Amg_ingressos_aqui_cadastro_api.Model.TransactionPayment::get_IdTransaction()
FNDA:0,System.String Amg_ingressos_aqui_cadastro_api.Model.TransactionPayment::get_IdTransaction()
DA:23,0
FN:26,Amg_ingressos_aqui_cadastro_api.Enum.StatusPaymentEnum Amg_ingressos_aqui_cadastro_api.Model.TransactionPayment::get_Status()
FNDA:0,Amg_ingressos_aqui_cadastro_api.Enum.StatusPaymentEnum Amg_ingressos_aqui_cadastro_api.Model.TransactionPayment::get_Status()
DA:27,0
FN:30,System.Decimal Amg_ingressos_aqui_cadastro_api.Model.TransactionPayment::get_TotalValue()
FNDA:0,System.Decimal Amg_ingressos_aqui_cadastro_api.Model.TransactionPayment::get_TotalValue()
DA:31,0
FN:36,System.String Amg_ingressos_aqui_cadastro_api.Model.TransactionPayment::get_IdPaymentMethod()
FNDA:0,System.String Amg_ingressos_aqui_cadastro_api.Model.TransactionPayment::get_IdPaymentMethod()
DA:37,0
LF:5
LH:0
BRF:0
BRH:0
FNF:5
FNH:0
end_of_record
SF:C:\projetos\Amg-ingresso-aqui-cadastro-api\Amg-ingressos-aqui-cadastro-api\Mappers\TransactionMapper.cs
FN:12,Amg_ingressos_aqui_cadastro_api.Model.Transaction Amg_ingressos_aqui_cadastro_api.Mappers.TransactionItemMapper::StageTicketDataDtoToTransaction(Amg_ingressos_aqui_cadastro_api.Dtos.StageTicketDataDto)
FNDA:3,Amg_ingressos_aqui_cadastro_api.Model.Transaction Amg_ingressos_aqui_cadastro_api.Mappers.TransactionItemMapper::StageTicketDataDtoToTransaction(Amg_ingressos_aqui_cadastro_api.Dtos.StageTicketDataDto)
DA:13,3
DA:14,3
DA:15,3
DA:16,3
DA:17,3
DA:18,3
DA:19,3
DA:20,3
DA:21,3
FN:21,Amg_ingressos_aqui_cadastro_api.Model.Transaction Amg_ingressos_aqui_cadastro_api.Mappers.TransactionItemMapper::StagePersonDataDtoToTransaction(Amg_ingressos_aqui_cadastro_api.Dtos.StagePersonDataDto)
FNDA:3,Amg_ingressos_aqui_cadastro_api.Model.Transaction Amg_ingressos_aqui_cadastro_api.Mappers.TransactionItemMapper::StagePersonDataDtoToTransaction(Amg_ingressos_aqui_cadastro_api.Dtos.StagePersonDataDto)
DA:22,3
DA:23,3
DA:24,3
DA:25,3
DA:26,3
DA:27,3
FN:28,Amg_ingressos_aqui_cadastro_api.Model.Transaction Amg_ingressos_aqui_cadastro_api.Mappers.TransactionItemMapper::StagePaymentDataDtoToTransaction(Amg_ingressos_aqui_cadastro_api.Dtos.StagePaymentDataDto)
FNDA:3,Amg_ingressos_aqui_cadastro_api.Model.Transaction Amg_ingressos_aqui_cadastro_api.Mappers.TransactionItemMapper::StagePaymentDataDtoToTransaction(Amg_ingressos_aqui_cadastro_api.Dtos.StagePaymentDataDto)
DA:29,3
DA:30,3
DA:31,3
DA:32,3
DA:33,3
DA:34,3
DA:35,3
LF:22
LH:22
BRF:0
BRH:0
FNF:3
FNH:3
end_of_record
SF:C:\projetos\Amg-ingresso-aqui-cadastro-api\Amg-ingressos-aqui-cadastro-api\Infra\CieloClient.cs
FN:20,System.Net.Http.HttpClient Amg_ingressos_aqui_cadastro_api.Infra.CieloClient::CreateClient()
FNDA:0,System.Net.Http.HttpClient Amg_ingressos_aqui_cadastro_api.Infra.CieloClient::CreateClient()
DA:21,0
DA:22,0
DA:23,0
DA:24,0
DA:25,0
DA:26,0
DA:27,0
DA:28,0
DA:29,0
DA:30,0
DA:32,0
DA:33,0
FN:13,System.Void Amg_ingressos_aqui_cadastro_api.Infra.CieloClient::.ctor(Microsoft.Extensions.Options.IOptions`1<Amg_ingressos_aqui_cadastro_api.Infra.CieloSettings>,System.Net.Http.HttpClient)
FNDA:0,System.Void Amg_ingressos_aqui_cadastro_api.Infra.CieloClient::.ctor(Microsoft.Extensions.Options.IOptions`1<Amg_ingressos_aqui_cadastro_api.Infra.CieloSettings>,System.Net.Http.HttpClient)
DA:14,0
DA:15,0
DA:16,0
DA:17,0
DA:18,0
LF:17
LH:0
BRF:0
BRH:0
FNF:2
FNH:0
end_of_record
SF:C:\projetos\Amg-ingresso-aqui-cadastro-api\Amg-ingressos-aqui-cadastro-api\Infra\CieloSettings.cs
FN:7,System.String Amg_ingressos_aqui_cadastro_api.Infra.CieloSettings::get_MerchantIdHomolog()
FNDA:0,System.String Amg_ingressos_aqui_cadastro_api.Infra.CieloSettings::get_MerchantIdHomolog()
DA:8,0
FN:11,System.String Amg_ingressos_aqui_cadastro_api.Infra.CieloSettings::get_MerchantKeyHomolog()
FNDA:0,System.String Amg_ingressos_aqui_cadastro_api.Infra.CieloSettings::get_MerchantKeyHomolog()
DA:12,0
FN:15,System.String Amg_ingressos_aqui_cadastro_api.Infra.CieloSettings::get_UrlApiHomolog()
FNDA:0,System.String Amg_ingressos_aqui_cadastro_api.Infra.CieloSettings::get_UrlApiHomolog()
DA:16,0
LF:3
LH:0
BRF:0
BRH:0
FNF:3
FNH:0
end_of_record
SF:C:\projetos\Amg-ingresso-aqui-cadastro-api\Amg-ingressos-aqui-cadastro-api\Infra\DbConnection.cs
FN:14,MongoDB.Driver.IMongoCollection`1<T> Amg_ingressos_aqui_cadastro_api.Infra.DbConnection`1::GetConnection(System.String)
FNDA:0,MongoDB.Driver.IMongoCollection`1<T> Amg_ingressos_aqui_cadastro_api.Infra.DbConnection`1::GetConnection(System.String)
DA:15,0
DA:17,0
DA:18,0
DA:19,0
DA:21,0
DA:22,0
FN:9,System.Void Amg_ingressos_aqui_cadastro_api.Infra.DbConnection`1::.ctor(Microsoft.Extensions.Options.IOptions`1<Amg_ingressos_aqui_cadastro_api.Infra.TransactionDatabaseSettings>)
FNDA:0,System.Void Amg_ingressos_aqui_cadastro_api.Infra.DbConnection`1::.ctor(Microsoft.Extensions.Options.IOptions`1<Amg_ingressos_aqui_cadastro_api.Infra.TransactionDatabaseSettings>)
DA:10,0
DA:11,0
DA:12,0
DA:13,0
LF:10
LH:0
BRF:0
BRH:0
FNF:2
FNH:0
end_of_record
SF:C:\projetos\Amg-ingresso-aqui-cadastro-api\Amg-ingressos-aqui-cadastro-api\Infra\TransactionDatabaseSettings.cs
FN:7,System.String Amg_ingressos_aqui_cadastro_api.Infra.TransactionDatabaseSettings::get_ConnectionString()
FNDA:0,System.String Amg_ingressos_aqui_cadastro_api.Infra.TransactionDatabaseSettings::get_ConnectionString()
DA:8,0
FN:11,System.String Amg_ingressos_aqui_cadastro_api.Infra.TransactionDatabaseSettings::get_DatabaseName()
FNDA:0,System.String Amg_ingressos_aqui_cadastro_api.Infra.TransactionDatabaseSettings::get_DatabaseName()
DA:12,0
FN:15,System.String Amg_ingressos_aqui_cadastro_api.Infra.TransactionDatabaseSettings::get_TransactionCollectionName()
FNDA:0,System.String Amg_ingressos_aqui_cadastro_api.Infra.TransactionDatabaseSettings::get_TransactionCollectionName()
DA:16,0
LF:3
LH:0
BRF:0
BRH:0
FNF:3
FNH:0
end_of_record
SF:C:\projetos\Amg-ingresso-aqui-cadastro-api\Amg-ingressos-aqui-cadastro-api\Exceptions\GetByIdTransactionException.cs
FN:5,System.Void Amg_ingressos_aqui_cadastro_api.Exceptions.GetByIdTransactionException::.ctor()
FNDA:0,System.Void Amg_ingressos_aqui_cadastro_api.Exceptions.GetByIdTransactionException::.ctor()
DA:6,0
DA:7,0
DA:8,0
FN:10,System.Void Amg_ingressos_aqui_cadastro_api.Exceptions.GetByIdTransactionException::.ctor(System.String)
FNDA:1,System.Void Amg_ingressos_aqui_cadastro_api.Exceptions.GetByIdTransactionException::.ctor(System.String)
DA:11,1
DA:12,1
DA:13,1
FN:15,System.Void Amg_ingressos_aqui_cadastro_api.Exceptions.GetByIdTransactionException::.ctor(System.String,System.Exception)
FNDA:0,System.Void Amg_ingressos_aqui_cadastro_api.Exceptions.GetByIdTransactionException::.ctor(System.String,System.Exception)
DA:16,0
DA:17,0
DA:18,0
LF:9
LH:3
BRF:0
BRH:0
FNF:3
FNH:1
end_of_record
SF:C:\projetos\Amg-ingresso-aqui-cadastro-api\Amg-ingressos-aqui-cadastro-api\Exceptions\IdMongoException.cs
FN:5,System.Void Amg_ingressos_aqui_cadastro_api.Exceptions.IdMongoException::.ctor()
FNDA:0,System.Void Amg_ingressos_aqui_cadastro_api.Exceptions.IdMongoException::.ctor()
DA:6,0
DA:7,0
DA:8,0
FN:10,System.Void Amg_ingressos_aqui_cadastro_api.Exceptions.IdMongoException::.ctor(System.String)
FNDA:12,System.Void Amg_ingressos_aqui_cadastro_api.Exceptions.IdMongoException::.ctor(System.String)
DA:11,12
DA:12,12
DA:13,12
FN:15,System.Void Amg_ingressos_aqui_cadastro_api.Exceptions.IdMongoException::.ctor(System.String,System.Exception)
FNDA:0,System.Void Amg_ingressos_aqui_cadastro_api.Exceptions.IdMongoException::.ctor(System.String,System.Exception)
DA:16,0
DA:17,0
DA:18,0
LF:9
LH:3
BRF:0
BRH:0
FNF:3
FNH:1
end_of_record
SF:C:\projetos\Amg-ingresso-aqui-cadastro-api\Amg-ingressos-aqui-cadastro-api\Exceptions\PaymentTransactionException.cs
FN:5,System.Void Amg_ingressos_aqui_cadastro_api.Exceptions.PaymentTransactionException::.ctor()
FNDA:0,System.Void Amg_ingressos_aqui_cadastro_api.Exceptions.PaymentTransactionException::.ctor()
DA:6,0
DA:7,0
DA:8,0
FN:10,System.Void Amg_ingressos_aqui_cadastro_api.Exceptions.PaymentTransactionException::.ctor(System.String)
FNDA:2,System.Void Amg_ingressos_aqui_cadastro_api.Exceptions.PaymentTransactionException::.ctor(System.String)
DA:11,2
DA:12,2
DA:13,2
FN:15,System.Void Amg_ingressos_aqui_cadastro_api.Exceptions.PaymentTransactionException::.ctor(System.String,System.Exception)
FNDA:0,System.Void Amg_ingressos_aqui_cadastro_api.Exceptions.PaymentTransactionException::.ctor(System.String,System.Exception)
DA:16,0
DA:17,0
DA:18,0
LF:9
LH:3
BRF:0
BRH:0
FNF:3
FNH:1
end_of_record
SF:C:\projetos\Amg-ingresso-aqui-cadastro-api\Amg-ingressos-aqui-cadastro-api\Exceptions\SaveTransactionException.cs
FN:5,System.Void Amg_ingressos_aqui_cadastro_api.Exceptions.SaveTransactionException::.ctor()
FNDA:0,System.Void Amg_ingressos_aqui_cadastro_api.Exceptions.SaveTransactionException::.ctor()
DA:6,0
DA:7,0
DA:8,0
FN:10,System.Void Amg_ingressos_aqui_cadastro_api.Exceptions.SaveTransactionException::.ctor(System.String)
FNDA:2,System.Void Amg_ingressos_aqui_cadastro_api.Exceptions.SaveTransactionException::.ctor(System.String)
DA:11,2
DA:12,2
DA:13,2
FN:15,System.Void Amg_ingressos_aqui_cadastro_api.Exceptions.SaveTransactionException::.ctor(System.String,System.Exception)
FNDA:0,System.Void Amg_ingressos_aqui_cadastro_api.Exceptions.SaveTransactionException::.ctor(System.String,System.Exception)
DA:16,0
DA:17,0
DA:18,0
LF:9
LH:3
BRF:0
BRH:0
FNF:3
FNH:1
end_of_record
SF:C:\projetos\Amg-ingresso-aqui-cadastro-api\Amg-ingressos-aqui-cadastro-api\Exceptions\UpdateTransactionException.cs
FN:5,System.Void Amg_ingressos_aqui_cadastro_api.Exceptions.UpdateTransactionException::.ctor()
FNDA:0,System.Void Amg_ingressos_aqui_cadastro_api.Exceptions.UpdateTransactionException::.ctor()
DA:6,0
DA:7,0
DA:8,0
FN:10,System.Void Amg_ingressos_aqui_cadastro_api.Exceptions.UpdateTransactionException::.ctor(System.String)
FNDA:1,System.Void Amg_ingressos_aqui_cadastro_api.Exceptions.UpdateTransactionException::.ctor(System.String)
DA:11,1
DA:12,1
DA:13,1
FN:15,System.Void Amg_ingressos_aqui_cadastro_api.Exceptions.UpdateTransactionException::.ctor(System.String,System.Exception)
FNDA:0,System.Void Amg_ingressos_aqui_cadastro_api.Exceptions.UpdateTransactionException::.ctor(System.String,System.Exception)
DA:16,0
DA:17,0
DA:18,0
LF:9
LH:3
BRF:0
BRH:0
FNF:3
FNH:1
end_of_record
SF:C:\projetos\Amg-ingresso-aqui-cadastro-api\Amg-ingressos-aqui-cadastro-api\Dtos\TransactionDto.cs
FN:15,System.String Amg_ingressos_aqui_cadastro_api.Dtos.TransactionDto::get_Id()
FNDA:0,System.String Amg_ingressos_aqui_cadastro_api.Dtos.TransactionDto::get_Id()
DA:16,0
FN:20,System.String Amg_ingressos_aqui_cadastro_api.Dtos.TransactionDto::get_IdCustomer()
FNDA:34,System.String Amg_ingressos_aqui_cadastro_api.Dtos.TransactionDto::get_IdCustomer()
DA:21,34
FN:25,Amg_ingressos_aqui_cadastro_api.Enum.StageTransactionEnum Amg_ingressos_aqui_cadastro_api.Dtos.TransactionDto::get_Stage()
FNDA:7,Amg_ingressos_aqui_cadastro_api.Enum.StageTransactionEnum Amg_ingressos_aqui_cadastro_api.Dtos.TransactionDto::get_Stage()
DA:26,7
FN:30,System.Collections.Generic.List`1<Amg_ingressos_aqui_cadastro_api.Dtos.TransactionItenDto> Amg_ingressos_aqui_cadastro_api.Dtos.TransactionDto::get_TransactionItensDto()
FNDA:13,System.Collections.Generic.List`1<Amg_ingressos_aqui_cadastro_api.Dtos.TransactionItenDto> Amg_ingressos_aqui_cadastro_api.Dtos.TransactionDto::get_TransactionItensDto()
DA:31,13
LF:4
LH:3
BRF:0
BRH:0
FNF:4
FNH:3
end_of_record
SF:C:\projetos\Amg-ingresso-aqui-cadastro-api\Amg-ingressos-aqui-cadastro-api\Dtos\TransactionItenDto.cs
FN:15,System.String Amg_ingressos_aqui_cadastro_api.Dtos.TransactionItenDto::get_IdLot()
FNDA:21,System.String Amg_ingressos_aqui_cadastro_api.Dtos.TransactionItenDto::get_IdLot()
DA:16,21
FN:20,System.Int32 Amg_ingressos_aqui_cadastro_api.Dtos.TransactionItenDto::get_AmountTicket()
FNDA:30,System.Int32 Amg_ingressos_aqui_cadastro_api.Dtos.TransactionItenDto::get_AmountTicket()
DA:21,30
FN:25,System.Boolean Amg_ingressos_aqui_cadastro_api.Dtos.TransactionItenDto::get_HalfPrice()
FNDA:22,System.Boolean Amg_ingressos_aqui_cadastro_api.Dtos.TransactionItenDto::get_HalfPrice()
DA:26,22
LF:3
LH:3
BRF:0
BRH:0
FNF:3
FNH:3
end_of_record
SF:C:\projetos\Amg-ingresso-aqui-cadastro-api\Amg-ingressos-aqui-cadastro-api\Controllers\HealthCheckController.cs
FN:22,System.Collections.Generic.IEnumerable`1<Amg_ingressos_aqui_cadastro_api.WeatherForecast> Amg_ingressos_aqui_cadastro_api.Controllers.HealthCheckController::Get()
FNDA:0,System.Collections.Generic.IEnumerable`1<Amg_ingressos_aqui_cadastro_api.WeatherForecast> Amg_ingressos_aqui_cadastro_api.Controllers.HealthCheckController::Get()
DA:23,0
DA:24,0
DA:25,0
DA:26,0
DA:27,0
DA:28,0
DA:29,0
DA:30,0
DA:31,0
FN:15,System.Void Amg_ingressos_aqui_cadastro_api.Controllers.HealthCheckController::.ctor(Microsoft.Extensions.Logging.ILogger`1<Amg_ingressos_aqui_cadastro_api.Controllers.HealthCheckController>)
FNDA:0,System.Void Amg_ingressos_aqui_cadastro_api.Controllers.HealthCheckController::.ctor(Microsoft.Extensions.Logging.ILogger`1<Amg_ingressos_aqui_cadastro_api.Controllers.HealthCheckController>)
DA:16,0
DA:17,0
DA:18,0
DA:19,0
FN:8,System.Void Amg_ingressos_aqui_cadastro_api.Controllers.HealthCheckController::.cctor()
FNDA:0,System.Void Amg_ingressos_aqui_cadastro_api.Controllers.HealthCheckController::.cctor()
DA:9,0
DA:10,0
DA:11,0
DA:12,0
LF:17
LH:0
BRF:0
BRH:0
FNF:3
FNH:0
end_of_record
SF:C:\projetos\Amg-ingresso-aqui-cadastro-api\Amg-ingressos-aqui-cadastro-api\Controllers\TransactionController.cs
FN:15,System.Void Amg_ingressos_aqui_cadastro_api.Controllers.TransactionController::.ctor(Microsoft.Extensions.Logging.ILogger`1<Amg_ingressos_aqui_cadastro_api.Controllers.TransactionController>,Amg_ingressos_aqui_cadastro_api.Services.Interfaces.ITransactionService)
FNDA:19,System.Void Amg_ingressos_aqui_cadastro_api.Controllers.TransactionController::.ctor(Microsoft.Extensions.Logging.ILogger`1<Amg_ingressos_aqui_cadastro_api.Controllers.TransactionController>,Amg_ingressos_aqui_cadastro_api.Services.Interfaces.ITransactionService)
DA:16,19
DA:17,19
DA:18,19
DA:19,19
DA:20,19
DA:21,19
DA:22,19
FN:215,System.Void Amg_ingressos_aqui_cadastro_api.Controllers.TransactionController/<FinishedTransactionAsync>d__9::MoveNext()
FNDA:0,System.Void Amg_ingressos_aqui_cadastro_api.Controllers.TransactionController/<FinishedTransactionAsync>d__9::MoveNext()
DA:216,0
DA:218,0
DA:219,0
DA:220,0
DA:221,0
DA:222,0
DA:223,0
DA:224,0
DA:227,0
DA:229,0
DA:230,0
DA:231,0
DA:232,0
DA:234,0
BRDA:221,341,0,0
BRDA:221,341,1,0
FN:33,System.Void Amg_ingressos_aqui_cadastro_api.Controllers.TransactionController/<GetByIdTransactionAsync>d__3::MoveNext()
FNDA:3,System.Void Amg_ingressos_aqui_cadastro_api.Controllers.TransactionController/<GetByIdTransactionAsync>d__3::MoveNext()
DA:34,3
DA:36,3
DA:37,3
DA:38,2
DA:39,1
DA:40,1
DA:41,1
DA:44,1
DA:46,1
DA:47,1
DA:48,1
DA:49,1
DA:51,3
BRDA:38,171,0,1
BRDA:38,171,1,1
BRDA:38,196,0,1
BRDA:38,196,1,1
FN:180,System.Void Amg_ingressos_aqui_cadastro_api.Controllers.TransactionController/<PaymentTransactionAsync>d__8::MoveNext()
FNDA:4,System.Void Amg_ingressos_aqui_cadastro_api.Controllers.TransactionController/<PaymentTransactionAsync>d__8::MoveNext()
DA:181,4
DA:183,4
DA:184,4
DA:185,3
DA:186,1
DA:187,1
DA:188,1
DA:191,2
DA:192,2
DA:193,1
DA:194,1
DA:195,1
DA:198,1
DA:200,1
DA:201,1
DA:202,1
DA:203,1
DA:205,4
BRDA:185,183,0,1
BRDA:185,183,1,2
BRDA:185,208,0,1
BRDA:185,208,1,2
BRDA:192,432,0,1
BRDA:192,432,1,1
BRDA:192,457,0,1
BRDA:192,457,1,1
FN:62,System.Void Amg_ingressos_aqui_cadastro_api.Controllers.TransactionController/<SaveTransactionAsync>d__4::MoveNext()
FNDA:3,System.Void Amg_ingressos_aqui_cadastro_api.Controllers.TransactionController/<SaveTransactionAsync>d__4::MoveNext()
DA:63,3
DA:65,3
DA:66,3
DA:67,2
DA:68,1
DA:69,1
DA:70,1
DA:73,1
DA:75,1
DA:76,1
DA:77,1
DA:78,1
DA:80,3
BRDA:67,171,0,1
BRDA:67,171,1,1
BRDA:67,196,0,1
BRDA:67,196,1,1
FN:151,System.Void Amg_ingressos_aqui_cadastro_api.Controllers.TransactionController/<UpdateTransactionPaymentDataAsync>d__7::MoveNext()
FNDA:3,System.Void Amg_ingressos_aqui_cadastro_api.Controllers.TransactionController/<UpdateTransactionPaymentDataAsync>d__7::MoveNext()
DA:152,3
DA:154,3
DA:155,3
DA:156,3
DA:157,2
DA:158,1
DA:159,1
DA:160,1
DA:163,1
DA:165,1
DA:166,1
DA:167,1
DA:168,1
DA:170,3
BRDA:157,188,0,1
BRDA:157,188,1,1
BRDA:157,213,0,1
BRDA:157,213,1,1
FN:91,System.Void Amg_ingressos_aqui_cadastro_api.Controllers.TransactionController/<UpdateTransactionPersonDataAsync>d__5::MoveNext()
FNDA:3,System.Void Amg_ingressos_aqui_cadastro_api.Controllers.TransactionController/<UpdateTransactionPersonDataAsync>d__5::MoveNext()
DA:92,3
DA:94,3
DA:95,3
DA:96,3
DA:97,2
DA:98,1
DA:99,1
DA:100,1
DA:103,1
DA:105,1
DA:106,1
DA:107,1
DA:108,1
DA:110,3
BRDA:97,188,0,1
BRDA:97,188,1,1
BRDA:97,213,0,1
BRDA:97,213,1,1
FN:121,System.Void Amg_ingressos_aqui_cadastro_api.Controllers.TransactionController/<UpdateTransactionTicketsDataAsync>d__6::MoveNext()
FNDA:3,System.Void Amg_ingressos_aqui_cadastro_api.Controllers.TransactionController/<UpdateTransactionTicketsDataAsync>d__6::MoveNext()
DA:122,3
DA:124,3
DA:125,3
DA:126,3
DA:127,2
DA:128,1
DA:129,1
DA:130,1
DA:133,1
DA:135,1
DA:136,1
DA:137,1
DA:138,1
DA:140,3
BRDA:127,188,0,1
BRDA:127,188,1,1
BRDA:127,213,0,1
BRDA:127,213,1,1
LF:107
LH:93
BRF:30
BRH:28
FNF:8
FNH:7
end_of_record